<?xml version="1.0" encoding="UTF-8"?>
<!-- Generated by org.testng.reporters.JUnitReportReporter -->
<testsuite skipped="1" hostname="DESKTOP-E2LC1BH" name="basic.GetRequestDemo" tests="2" failures="0" timestamp="21 十一月 2017 06:29:49 GMT" time="1.454" errors="0">
  <testcase name="getResponseBody" time="1.454" classname="basic.GetRequestDemo"/>
  <testcase name="status" classname="basic.GetRequestDemo">
    <skipped/>
  </testcase> <!-- status -->
</testsuite> <!-- basic.GetRequestDemo -->
