<?xml version="1.0" encoding="UTF-8"?>
<!-- Generated by org.testng.reporters.JUnitReportReporter -->
<testsuite skipped="0" hostname="DESKTOP-E2LC1BH" name="basic.validaeResponse" tests="1" failures="0" timestamp="10 十一月 2017 15:09:48 GMT" time="2.117" errors="0">
  <testcase name="status" time="2.117" classname="basic.validaeResponse"/>
</testsuite> <!-- basic.validaeResponse -->
